<?xml version="1.0" encoding="UTF-8"?>
<!-- Generated by org.testng.reporters.JUnitXMLReporter -->
<testsuite ignored="4" hostname="Ricardos-MacBook-Pro.local" failures="0" tests="1" name="AutomationCooltesters" time="19.133" errors="0" timestamp="22 Jun 2024 15:16:31 GMT">
  <testcase classname="saucedemo.Login" name="test002" time="19.105"/>
  <testcase classname="saucedemo.Login" name="test001" time="0.0">
    <ignored/>
  </testcase> <!-- test001 -->
  <testcase classname="saucedemo.Login" name="test005" time="0.0">
    <ignored/>
  </testcase> <!-- test005 -->
  <testcase classname="saucedemo.Login" name="test003" time="0.0">
    <ignored/>
  </testcase> <!-- test003 -->
  <testcase classname="saucedemo.Login" name="test004" time="0.0">
    <ignored/>
  </testcase> <!-- test004 -->
</testsuite> <!-- AutomationCooltesters -->
