<?xml version="1.0" encoding="UTF-8"?>
<!-- Generated by org.testng.reporters.JUnitXMLReporter -->
<testsuite ignored="1" hostname="Ricardos-MacBook-Pro.local" failures="0" tests="1" name="AutomationCooltesters" time="21.038" errors="0" timestamp="29 Jun 2024 14:56:28 GMT">
  <testcase classname="saucedemo.LoginPOM" name="test001" time="10.903"/>
  <testcase classname="saucedemo.LoginPOM" name="test002" time="0.0">
    <ignored/>
  </testcase> <!-- test002 -->
</testsuite> <!-- AutomationCooltesters -->
