<?xml version="1.0" encoding="UTF-8"?>
<testng-results ignored="1" total="2" passed="1" failed="0" skipped="0">
  <reporter-output>
    <line>
      <![CDATA[>>>> Info: Launching... https://www.saucedemo.com/]]>
    </line>
  </reporter-output>
  <suite started-at="2024-06-29T14:56:07Z" name="Default Suite" finished-at="2024-06-29T14:56:28Z" duration-ms="21038">
    <groups>
    </groups>
    <test started-at="2024-06-29T14:56:07Z" name="AutomationCooltesters" finished-at="2024-06-29T14:56:28Z" duration-ms="21038">
      <class name="saucedemo.LoginPOM">
        <test-method is-config="true" signature="beforeTest()[pri:0, instance:saucedemo.LoginPOM@223d2c72]" started-at="2024-06-29T14:56:07Z" name="beforeTest" finished-at="2024-06-29T14:56:16Z" duration-ms="9615" status="PASS">
          <reporter-output>
          </reporter-output>
        </test-method> <!-- beforeTest -->
        <test-method signature="test001()[pri:0, instance:saucedemo.LoginPOM@223d2c72]" started-at="2024-06-29T14:56:17Z" name="test001" finished-at="2024-06-29T14:56:27Z" duration-ms="10903" status="PASS">
          <reporter-output>
            <line>
              <![CDATA[>>>> Info: Launching... https://www.saucedemo.com/]]>
            </line>
          </reporter-output>
        </test-method> <!-- test001 -->
        <test-method is-config="true" signature="afterTest()[pri:0, instance:saucedemo.LoginPOM@223d2c72]" started-at="2024-06-29T14:56:27Z" name="afterTest" finished-at="2024-06-29T14:56:28Z" duration-ms="491" status="PASS">
          <reporter-output>
          </reporter-output>
        </test-method> <!-- afterTest -->
      </class> <!-- saucedemo.LoginPOM -->
    </test> <!-- AutomationCooltesters -->
  </suite> <!-- Default Suite -->
</testng-results>
